2019-05-31 13:16:25 INFO  RoshenConfectioneryFactoryImpl:34 - Confectionery factory made 9 products
2019-05-31 13:16:28 INFO  NewYearsGift:18 - New gift created successful.
2019-05-31 13:16:30 INFO  GiftSorter:31 - New years gift sorted successful.
2019-05-31 13:16:36 INFO  Main:96 - Serialization started...
2019-05-31 13:16:36 INFO  Main:99 - Objects serialised successful.
2019-05-31 13:21:04 INFO  RoshenConfectioneryFactoryImpl:34 - Confectionery factory made 9 products
2019-05-31 13:21:06 INFO  NewYearsGift:18 - New gift created successful.
2019-05-31 13:21:14 INFO  GiftSorter:31 - New years gift sorted successful.
2019-05-31 13:21:31 INFO  GiftMain:96 - Serialization started...
2019-05-31 13:21:31 INFO  GiftMain:99 - Objects serialised successful.
2019-05-31 13:25:43 WARN  GiftSorter:38 - New years gift don't sorted. Cause: newYearsGift = null
2019-05-31 13:25:48 WARN  GiftSorter:38 - New years gift don't sorted. Cause: newYearsGift = null
2019-05-31 13:26:43 WARN  GiftSorter:38 - New years gift don't sorted. Cause: newYearsGift = null
2019-05-31 13:26:55 WARN  GiftSorter:38 - New years gift don't sorted. Cause: newYearsGift = null
2019-05-31 13:27:07 WARN  GiftSorter:38 - New years gift don't sorted. Cause: newYearsGift = null
2019-05-31 13:39:55 INFO  NewYearsGift:18 - New gift created successful.
2019-05-31 13:39:55 WARN  GiftSorter:36 - New years gift don't sorted. Cause: newYearsGift = null
2019-05-31 13:39:59 INFO  NewYearsGift:18 - New gift created successful.
2019-05-31 13:39:59 WARN  GiftSorter:36 - New years gift don't sorted. Cause: newYearsGift = null
2019-05-31 13:40:26 INFO  NewYearsGift:18 - New gift created successful.
2019-05-31 13:40:26 INFO  GiftSorter:29 - New years gift sorted successful.
2019-05-31 13:43:02 INFO  NewYearsGift:18 - New gift created successful.
2019-05-31 13:43:02 INFO  GiftSorter:29 - New years gift sorted successful.
2019-05-31 13:46:11 INFO  NewYearsGift:18 - New gift created successful.
2019-05-31 13:46:11 INFO  GiftSorter:29 - New years gift sorted successful.
2019-05-31 13:47:16 INFO  NewYearsGift:18 - New gift created successful.
2019-05-31 13:47:16 WARN  GiftSorter:36 - New years gift don't sorted. Cause: newYearsGift = null
2019-05-31 13:47:16 INFO  GiftSorter:29 - New years gift sorted successful.
2019-05-31 13:50:32 INFO  NewYearsGift:18 - New gift created successful.
2019-05-31 13:51:31 INFO  NewYearsGift:18 - New gift created successful.
2019-05-31 13:52:24 INFO  NewYearsGift:18 - New gift created successful.
2019-05-31 13:52:24 WARN  GiftSorter:36 - New years gift don't sorted. Cause: newYearsGift = null
2019-05-31 13:52:24 INFO  GiftSorter:29 - New years gift sorted successful.
2019-05-31 13:52:53 INFO  NewYearsGift:18 - New gift created successful.
2019-05-31 13:53:43 INFO  NewYearsGift:18 - New gift created successful.
2019-05-31 13:53:43 WARN  GiftSorter:36 - New years gift don't sorted. Cause: newYearsGift = null
2019-05-31 13:53:43 INFO  GiftSorter:29 - New years gift sorted successful.
2019-05-31 13:54:32 INFO  NewYearsGift:18 - New gift created successful.
2019-05-31 13:54:32 WARN  GiftSorter:36 - New years gift don't sorted. Cause: newYearsGift = null
2019-05-31 13:54:32 INFO  GiftSorter:29 - New years gift sorted successful.
2019-05-31 13:56:01 INFO  NewYearsGift:18 - New gift created successful.
2019-05-31 13:57:41 INFO  NewYearsGift:18 - New gift created successful.
2019-05-31 13:58:08 INFO  NewYearsGift:18 - New gift created successful.
2019-05-31 13:58:08 WARN  GiftSorter:36 - New years gift don't sorted. Cause: newYearsGift = null
2019-05-31 13:58:08 INFO  GiftSorter:29 - New years gift sorted successful.
2019-05-31 13:58:26 INFO  NewYearsGift:18 - New gift created successful.
2019-05-31 13:58:26 INFO  GiftSorter:29 - New years gift sorted successful.
2019-05-31 13:58:55 INFO  NewYearsGift:18 - New gift created successful.
2019-05-31 13:58:55 INFO  GiftSorter:29 - New years gift sorted successful.
2019-05-31 13:59:14 INFO  NewYearsGift:18 - New gift created successful.
2019-05-31 13:59:14 INFO  GiftSorter:29 - New years gift sorted successful.
2019-05-31 13:59:51 INFO  NewYearsGift:18 - New gift created successful.
2019-05-31 13:59:51 INFO  GiftSorter:29 - New years gift sorted successful.
2019-05-31 13:59:59 INFO  NewYearsGift:18 - New gift created successful.
2019-05-31 13:59:59 INFO  GiftSorter:29 - New years gift sorted successful.
2019-05-31 14:00:57 INFO  NewYearsGift:18 - New gift created successful.
2019-05-31 14:01:14 INFO  NewYearsGift:18 - New gift created successful.
2019-05-31 14:01:14 WARN  GiftSorter:36 - New years gift don't sorted. Cause: newYearsGift = null
2019-05-31 14:01:14 INFO  GiftSorter:29 - New years gift sorted successful.
2019-05-31 14:02:44 INFO  NewYearsGift:18 - New gift created successful.
2019-05-31 14:02:44 WARN  GiftSorter:36 - New years gift don't sorted. Cause: newYearsGift = null
2019-05-31 14:04:09 INFO  NewYearsGift:18 - New gift created successful.
2019-05-31 14:04:09 INFO  GiftSorter:29 - New years gift sorted successful.
2019-05-31 14:04:40 INFO  NewYearsGift:18 - New gift created successful.
2019-05-31 14:04:40 WARN  GiftSorter:36 - New years gift don't sorted. Cause: newYearsGift = null
2019-05-31 14:04:40 INFO  GiftSorter:29 - New years gift sorted successful.
2019-05-31 14:04:40 INFO  GiftSorter:29 - New years gift sorted successful.
2019-05-31 14:10:56 WARN  NewYearsGift:29 - confectionery not added to NewYearsGift. Cause: countEachKindOfCandy = 2 confectionery = null
2019-05-31 14:12:37 WARN  NewYearsGift:29 - confectionery not added to NewYearsGift. Cause: countEachKindOfCandy = 2 confectionery = null
2019-05-31 14:12:37 WARN  NewYearsGift:29 - confectionery not added to NewYearsGift. Cause: countEachKindOfCandy = -50 confectionery = [candy1: 1.0 grams, candy2: 2.0 grams, candy3: 3.0 grams, candy4: 4.0 grams, candy5: 5.0 grams]
2019-05-31 14:13:42 WARN  NewYearsGift:29 - confectionery not added to NewYearsGift. Cause: countEachKindOfCandy = 2 confectionery = null
2019-05-31 14:13:42 WARN  NewYearsGift:29 - confectionery not added to NewYearsGift. Cause: countEachKindOfCandy = -50 confectionery = [candy1: 1.0 grams, candy2: 2.0 grams, candy3: 3.0 grams, candy4: 4.0 grams, candy5: 5.0 grams]
2019-05-31 14:13:42 INFO  NewYearsGift:18 - New gift created successful.
2019-05-31 14:13:54 WARN  NewYearsGift:29 - confectionery not added to NewYearsGift. Cause: countEachKindOfCandy = 2 confectionery = null
2019-05-31 14:13:54 WARN  NewYearsGift:29 - confectionery not added to NewYearsGift. Cause: countEachKindOfCandy = -50 confectionery = [candy1: 1.0 grams, candy2: 2.0 grams, candy3: 3.0 grams, candy4: 4.0 grams, candy5: 5.0 grams]
2019-05-31 14:13:54 INFO  NewYearsGift:18 - New gift created successful.
2019-05-31 14:14:28 WARN  NewYearsGift:29 - confectionery not added to NewYearsGift. Cause: countEachKindOfCandy = 2 confectionery = null
2019-05-31 14:14:28 WARN  NewYearsGift:29 - confectionery not added to NewYearsGift. Cause: countEachKindOfCandy = -50 confectionery = [candy1: 1.0 grams, candy2: 2.0 grams, candy3: 3.0 grams, candy4: 4.0 grams, candy5: 5.0 grams]
2019-05-31 14:16:45 INFO  NewYearsGift:18 - New gift created successful.
2019-05-31 14:16:57 WARN  NewYearsGift:29 - confectionery not added to NewYearsGift. Cause: countEachKindOfCandy = 2 confectionery = null
2019-05-31 14:16:57 WARN  NewYearsGift:29 - confectionery not added to NewYearsGift. Cause: countEachKindOfCandy = -50 confectionery = [candy1: 1.0 grams, candy2: 2.0 grams, candy3: 3.0 grams, candy4: 4.0 grams, candy5: 5.0 grams]
2019-05-31 14:16:57 INFO  NewYearsGift:18 - New gift created successful.
2019-05-31 14:17:30 INFO  NewYearsGift:18 - New gift created successful.
2019-05-31 14:19:48 INFO  NewYearsGift:18 - New gift created successful.
2019-05-31 14:20:22 INFO  NewYearsGift:18 - New gift created successful.
2019-05-31 14:21:16 INFO  NewYearsGift:18 - New gift created successful.
2019-05-31 14:22:41 INFO  NewYearsGift:18 - New gift created successful.
2019-05-31 14:23:55 INFO  NewYearsGift:18 - New gift created successful.
2019-05-31 14:24:20 INFO  NewYearsGift:18 - New gift created successful.
2019-05-31 14:24:46 INFO  NewYearsGift:18 - New gift created successful.
2019-05-31 14:25:06 INFO  NewYearsGift:18 - New gift created successful.
2019-05-31 14:26:21 INFO  NewYearsGift:18 - New gift created successful.
2019-05-31 14:26:52 INFO  NewYearsGift:18 - New gift created successful.
2019-05-31 14:28:06 INFO  NewYearsGift:18 - New gift created successful.
2019-05-31 14:29:06 INFO  NewYearsGift:18 - New gift created successful.
2019-05-31 14:30:07 INFO  NewYearsGift:18 - New gift created successful.
2019-05-31 14:34:22 INFO  NewYearsGift:18 - New gift created successful.
2019-05-31 14:34:50 INFO  NewYearsGift:18 - New gift created successful.
2019-05-31 14:35:02 WARN  NewYearsGift:29 - confectionery not added to NewYearsGift. Cause: countEachKindOfCandy = 2 confectionery = null
2019-05-31 14:35:02 WARN  NewYearsGift:29 - confectionery not added to NewYearsGift. Cause: countEachKindOfCandy = -50 confectionery = [candy1: 1.0 grams, candy2: 2.0 grams, candy3: 3.0 grams, candy4: 4.0 grams, candy5: 5.0 grams]
2019-05-31 14:35:02 INFO  NewYearsGift:18 - New gift created successful.
2019-05-31 14:35:02 INFO  NewYearsGift:18 - New gift created successful.
2019-05-31 14:35:17 INFO  RoshenConfectioneryFactoryImpl:34 - Confectionery factory made 9 products
2019-05-31 14:35:20 INFO  NewYearsGift:18 - New gift created successful.
2019-05-31 14:35:25 INFO  GiftSorter:29 - New years gift sorted successful.
2019-05-31 14:36:22 INFO  RoshenConfectioneryFactoryImpl:34 - Confectionery factory made 9 products
2019-05-31 14:36:24 INFO  NewYearsGift:18 - New gift created successful.
2019-05-31 14:36:26 INFO  GiftSorter:29 - New years gift sorted successful.
2019-05-31 14:36:39 INFO  GiftMain:96 - Serialization started...
2019-05-31 14:36:39 INFO  GiftMain:99 - Objects serialised successful.
2019-05-31 14:36:43 INFO  RoshenConfectioneryFactoryImpl:34 - Confectionery factory made 9 products
2019-05-31 14:36:46 INFO  NewYearsGift:18 - New gift created successful.
2019-05-31 14:36:48 INFO  GiftSorter:29 - New years gift sorted successful.
2019-05-31 14:40:23 INFO  RoshenConfectioneryFactoryImpl:34 - Confectionery factory made 9 products
2019-05-31 14:40:27 INFO  NewYearsGift:18 - New gift created successful.
2019-05-31 14:40:30 INFO  GiftSorter:32 - New years gift sorted successful.BY_NAME
2019-05-31 14:40:52 INFO  RoshenConfectioneryFactoryImpl:34 - Confectionery factory made 9 products
2019-05-31 14:40:58 INFO  NewYearsGift:18 - New gift created successful.
2019-05-31 14:41:03 INFO  GiftSorter:32 - New years gift sorted successful BY_NAME.
2019-05-31 14:41:20 INFO  GiftMain:96 - Serialization started...
2019-05-31 14:41:20 INFO  GiftMain:99 - Objects serialised successful.
2019-05-31 14:41:52 INFO  NewYearsGift:18 - New gift created successful.
2019-05-31 14:42:00 WARN  NewYearsGift:29 - confectionery not added to NewYearsGift. Cause: countEachKindOfCandy = 2 confectionery = null
2019-05-31 14:42:00 WARN  NewYearsGift:29 - confectionery not added to NewYearsGift. Cause: countEachKindOfCandy = -50 confectionery = [candy1: 1.0 grams, candy2: 2.0 grams, candy3: 3.0 grams, candy4: 4.0 grams, candy5: 5.0 grams]
2019-05-31 14:42:00 INFO  NewYearsGift:18 - New gift created successful.
2019-05-31 14:42:00 INFO  NewYearsGift:18 - New gift created successful.
2019-05-31 14:42:05 INFO  NewYearsGift:18 - New gift created successful.
2019-05-31 14:42:05 WARN  GiftSorter:39 - New years gift don't sorted. Cause: newYearsGift = null
2019-05-31 14:42:05 INFO  GiftSorter:32 - New years gift sorted successful BY_NAME.
2019-05-31 14:42:05 INFO  GiftSorter:32 - New years gift sorted successful BY_WEIGHT.
